

Started GET "/" for ::1 at 2016-04-11 16:30:03 +0700

ActiveRecord::NoDatabaseError (FATAL:  database "code-pieces-backend_development" does not exist
):
  activerecord (4.2.6) lib/active_record/connection_adapters/postgresql_adapter.rb:661:in `rescue in connect'
  activerecord (4.2.6) lib/active_record/connection_adapters/postgresql_adapter.rb:651:in `connect'
  activerecord (4.2.6) lib/active_record/connection_adapters/postgresql_adapter.rb:242:in `initialize'
  activerecord (4.2.6) lib/active_record/connection_adapters/postgresql_adapter.rb:44:in `new'
  activerecord (4.2.6) lib/active_record/connection_adapters/postgresql_adapter.rb:44:in `postgresql_connection'
  activerecord (4.2.6) lib/active_record/connection_adapters/abstract/connection_pool.rb:438:in `new_connection'
  activerecord (4.2.6) lib/active_record/connection_adapters/abstract/connection_pool.rb:448:in `checkout_new_connection'
  activerecord (4.2.6) lib/active_record/connection_adapters/abstract/connection_pool.rb:422:in `acquire_connection'
  activerecord (4.2.6) lib/active_record/connection_adapters/abstract/connection_pool.rb:349:in `block in checkout'
  /Users/hatu/.rvm/rubies/ruby-2.3.0/lib/ruby/2.3.0/monitor.rb:214:in `mon_synchronize'
  activerecord (4.2.6) lib/active_record/connection_adapters/abstract/connection_pool.rb:348:in `checkout'
  activerecord (4.2.6) lib/active_record/connection_adapters/abstract/connection_pool.rb:263:in `block in connection'
  /Users/hatu/.rvm/rubies/ruby-2.3.0/lib/ruby/2.3.0/monitor.rb:214:in `mon_synchronize'
  activerecord (4.2.6) lib/active_record/connection_adapters/abstract/connection_pool.rb:262:in `connection'
  activerecord (4.2.6) lib/active_record/connection_adapters/abstract/connection_pool.rb:571:in `retrieve_connection'
  activerecord (4.2.6) lib/active_record/connection_handling.rb:113:in `retrieve_connection'
  activerecord (4.2.6) lib/active_record/connection_handling.rb:87:in `connection'
  activerecord (4.2.6) lib/active_record/migration.rb:383:in `connection'
  activerecord (4.2.6) lib/active_record/migration.rb:370:in `call'
  actionpack (4.2.6) lib/action_dispatch/middleware/callbacks.rb:29:in `block in call'
  activesupport (4.2.6) lib/active_support/callbacks.rb:88:in `__run_callbacks__'
  activesupport (4.2.6) lib/active_support/callbacks.rb:778:in `_run_call_callbacks'
  activesupport (4.2.6) lib/active_support/callbacks.rb:81:in `run_callbacks'
  actionpack (4.2.6) lib/action_dispatch/middleware/callbacks.rb:27:in `call'
  actionpack (4.2.6) lib/action_dispatch/middleware/reloader.rb:73:in `call'
  actionpack (4.2.6) lib/action_dispatch/middleware/remote_ip.rb:78:in `call'
  actionpack (4.2.6) lib/action_dispatch/middleware/debug_exceptions.rb:17:in `call'
  web-console (2.3.0) lib/web_console/middleware.rb:28:in `block in call'
  web-console (2.3.0) lib/web_console/middleware.rb:18:in `catch'
  web-console (2.3.0) lib/web_console/middleware.rb:18:in `call'
  actionpack (4.2.6) lib/action_dispatch/middleware/show_exceptions.rb:30:in `call'
  railties (4.2.6) lib/rails/rack/logger.rb:38:in `call_app'
  railties (4.2.6) lib/rails/rack/logger.rb:20:in `block in call'
  activesupport (4.2.6) lib/active_support/tagged_logging.rb:68:in `block in tagged'
  activesupport (4.2.6) lib/active_support/tagged_logging.rb:26:in `tagged'
  activesupport (4.2.6) lib/active_support/tagged_logging.rb:68:in `tagged'
  railties (4.2.6) lib/rails/rack/logger.rb:20:in `call'
  actionpack (4.2.6) lib/action_dispatch/middleware/request_id.rb:21:in `call'
  rack (1.6.4) lib/rack/runtime.rb:18:in `call'
  activesupport (4.2.6) lib/active_support/cache/strategy/local_cache_middleware.rb:28:in `call'
  rack (1.6.4) lib/rack/lock.rb:17:in `call'
  actionpack (4.2.6) lib/action_dispatch/middleware/static.rb:120:in `call'
  railties (4.2.6) lib/rails/engine.rb:518:in `call'
  railties (4.2.6) lib/rails/application.rb:165:in `call'
  rack (1.6.4) lib/rack/lock.rb:17:in `call'
  rack (1.6.4) lib/rack/content_length.rb:15:in `call'
  rack (1.6.4) lib/rack/handler/webrick.rb:88:in `service'
  /Users/hatu/.rvm/rubies/ruby-2.3.0/lib/ruby/2.3.0/webrick/httpserver.rb:140:in `service'
  /Users/hatu/.rvm/rubies/ruby-2.3.0/lib/ruby/2.3.0/webrick/httpserver.rb:96:in `run'
  /Users/hatu/.rvm/rubies/ruby-2.3.0/lib/ruby/2.3.0/webrick/server.rb:296:in `block in start_thread'


  Rendered /Users/hatu/.rvm/gems/ruby-2.3.0@global/gems/actionpack-4.2.6/lib/action_dispatch/middleware/templates/rescues/_source.erb (5.3ms)
  Rendered /Users/hatu/.rvm/gems/ruby-2.3.0@global/gems/actionpack-4.2.6/lib/action_dispatch/middleware/templates/rescues/_trace.html.erb (3.0ms)
  Rendered /Users/hatu/.rvm/gems/ruby-2.3.0@global/gems/actionpack-4.2.6/lib/action_dispatch/middleware/templates/rescues/_request_and_response.html.erb (1.4ms)
  Rendered /Users/hatu/.rvm/gems/ruby-2.3.0@global/gems/actionpack-4.2.6/lib/action_dispatch/middleware/templates/rescues/diagnostics.html.erb within rescues/layout (70.7ms)
  Rendered /Users/hatu/.rvm/gems/ruby-2.3.0/gems/web-console-2.3.0/lib/web_console/templates/_markup.html.erb (0.4ms)
  Rendered /Users/hatu/.rvm/gems/ruby-2.3.0/gems/web-console-2.3.0/lib/web_console/templates/_inner_console_markup.html.erb within layouts/inlined_string (0.8ms)
  Rendered /Users/hatu/.rvm/gems/ruby-2.3.0/gems/web-console-2.3.0/lib/web_console/templates/_prompt_box_markup.html.erb within layouts/inlined_string (0.4ms)
  Rendered /Users/hatu/.rvm/gems/ruby-2.3.0/gems/web-console-2.3.0/lib/web_console/templates/style.css.erb within layouts/inlined_string (0.4ms)
  Rendered /Users/hatu/.rvm/gems/ruby-2.3.0/gems/web-console-2.3.0/lib/web_console/templates/console.js.erb within layouts/javascript (57.5ms)
  Rendered /Users/hatu/.rvm/gems/ruby-2.3.0/gems/web-console-2.3.0/lib/web_console/templates/main.js.erb within layouts/javascript (0.5ms)
  Rendered /Users/hatu/.rvm/gems/ruby-2.3.0/gems/web-console-2.3.0/lib/web_console/templates/error_page.js.erb within layouts/javascript (0.5ms)
  Rendered /Users/hatu/.rvm/gems/ruby-2.3.0/gems/web-console-2.3.0/lib/web_console/templates/index.html.erb (122.4ms)
  [1m[36m (10.0ms)[0m  [1mCREATE TABLE "schema_migrations" ("version" character varying NOT NULL) [0m
  [1m[35m (3.2ms)[0m  CREATE UNIQUE INDEX  "unique_schema_migrations" ON "schema_migrations"  ("version")
  [1m[36mActiveRecord::SchemaMigration Load (0.3ms)[0m  [1mSELECT "schema_migrations".* FROM "schema_migrations"[0m


Started GET "/" for ::1 at 2016-04-11 16:30:26 +0700
Processing by Rails::WelcomeController#index as HTML
  Rendered /Users/hatu/.rvm/gems/ruby-2.3.0@global/gems/railties-4.2.6/lib/rails/templates/rails/welcome/index.html.erb (0.7ms)
Completed 200 OK in 6ms (Views: 5.6ms | ActiveRecord: 0.0ms)


Started GET "/" for ::1 at 2016-04-11 16:38:55 +0700
Processing by Rails::WelcomeController#index as HTML
  Rendered /Users/hatu/.rvm/gems/ruby-2.3.0@global/gems/railties-4.2.6/lib/rails/templates/rails/welcome/index.html.erb (2.8ms)
Completed 200 OK in 20ms (Views: 18.9ms | ActiveRecord: 0.0ms)


Started GET "/react_examples/component" for ::1 at 2016-04-11 16:39:09 +0700
Processing by ReactExamplesController#component as HTML
  Rendered react_examples/component.html.erb within layouts/application (0.5ms)
  Rendered layouts/_react_hot_assets.html.erb (0.6ms)
Completed 200 OK in 1033ms (Views: 1032.2ms | ActiveRecord: 0.0ms)


Started GET "/assets/jquery_ujs.self-e87806d0cf4489aeb1bb7288016024e8de67fd18db693fe026fe3907581e53cd.js?body=1" for ::1 at 2016-04-11 16:39:10 +0700


Started GET "/assets/turbolinks.self-c37727e9bd6b2735da5c311aa83fead54ed0be6cc8bd9a65309e9c5abe2cbfff.js?body=1" for ::1 at 2016-04-11 16:39:10 +0700


Started GET "/assets/react_integration.self-3a8c3738149f193c4530c532283459b3b0f1a5cc701c1fef7da37d47b14aa6d4.js?body=1" for ::1 at 2016-04-11 16:39:10 +0700


Started GET "/assets/react_bundle.self-e3b0c44298fc1c149afbf4c8996fb92427ae41e4649b934ca495991b7852b855.js?body=1" for ::1 at 2016-04-11 16:39:10 +0700


Started GET "/assets/jquery.self-660adc51e0224b731d29f575a6f1ec167ba08ad06ed5deca4f1e8654c135bf4c.js?body=1" for ::1 at 2016-04-11 16:39:10 +0700


Started GET "/assets/application.self-e80e8f2318043e8af94dddc2adad5a4f09739a8ebb323b3ab31cd71d45fd9113.css?body=1" for ::1 at 2016-04-11 16:39:10 +0700


Started GET "/assets/application.self-7862a8a8b42407b4741a1adeeea35f0d13ddc4f702ec532adb0674491d296495.js?body=1" for ::1 at 2016-04-11 16:39:10 +0700


Started GET "/react_examples/component" for ::1 at 2016-04-11 16:39:28 +0700
Processing by ReactExamplesController#component as HTML
  Rendered react_examples/component.html.erb within layouts/application (0.3ms)
  Rendered layouts/_react_hot_assets.html.erb (0.0ms)
Completed 200 OK in 295ms (Views: 294.3ms | ActiveRecord: 0.0ms)


Started GET "/assets/jquery.self-660adc51e0224b731d29f575a6f1ec167ba08ad06ed5deca4f1e8654c135bf4c.js?body=1" for ::1 at 2016-04-11 16:39:29 +0700


Started GET "/assets/turbolinks.self-c37727e9bd6b2735da5c311aa83fead54ed0be6cc8bd9a65309e9c5abe2cbfff.js?body=1" for ::1 at 2016-04-11 16:39:29 +0700


Started GET "/assets/application.self-7862a8a8b42407b4741a1adeeea35f0d13ddc4f702ec532adb0674491d296495.js?body=1" for ::1 at 2016-04-11 16:39:29 +0700


Started GET "/assets/jquery_ujs.self-e87806d0cf4489aeb1bb7288016024e8de67fd18db693fe026fe3907581e53cd.js?body=1" for ::1 at 2016-04-11 16:39:29 +0700


Started GET "/assets/react_integration.self-3a8c3738149f193c4530c532283459b3b0f1a5cc701c1fef7da37d47b14aa6d4.js?body=1" for ::1 at 2016-04-11 16:39:29 +0700


Started GET "/assets/react_bundle.self-bf31929d63a06da67c183bc1c974129086c7594ffb477c2dc2a59b822a127831.js?body=1" for ::1 at 2016-04-11 16:39:29 +0700


Started GET "/assets/application.self-e80e8f2318043e8af94dddc2adad5a4f09739a8ebb323b3ab31cd71d45fd9113.css?body=1" for ::1 at 2016-04-11 16:39:29 +0700


Started GET "/react_examples/component" for ::1 at 2016-04-11 16:39:41 +0700
Processing by ReactExamplesController#component as HTML
  Rendered react_examples/component.html.erb within layouts/application (2.0ms)
  Rendered layouts/_react_hot_assets.html.erb (0.4ms)
Completed 200 OK in 437ms (Views: 436.9ms | ActiveRecord: 0.0ms)


Started GET "/assets/application.self-e80e8f2318043e8af94dddc2adad5a4f09739a8ebb323b3ab31cd71d45fd9113.css?body=1" for ::1 at 2016-04-11 16:39:42 +0700


Started GET "/assets/jquery_ujs.self-e87806d0cf4489aeb1bb7288016024e8de67fd18db693fe026fe3907581e53cd.js?body=1" for ::1 at 2016-04-11 16:39:42 +0700


Started GET "/assets/turbolinks.self-c37727e9bd6b2735da5c311aa83fead54ed0be6cc8bd9a65309e9c5abe2cbfff.js?body=1" for ::1 at 2016-04-11 16:39:42 +0700


Started GET "/assets/react_integration.self-3a8c3738149f193c4530c532283459b3b0f1a5cc701c1fef7da37d47b14aa6d4.js?body=1" for ::1 at 2016-04-11 16:39:42 +0700


Started GET "/assets/jquery.self-660adc51e0224b731d29f575a6f1ec167ba08ad06ed5deca4f1e8654c135bf4c.js?body=1" for ::1 at 2016-04-11 16:39:42 +0700


Started GET "/assets/application.self-7862a8a8b42407b4741a1adeeea35f0d13ddc4f702ec532adb0674491d296495.js?body=1" for ::1 at 2016-04-11 16:39:42 +0700


Started GET "/assets/react_bundle.self-bf31929d63a06da67c183bc1c974129086c7594ffb477c2dc2a59b822a127831.js?body=1" for ::1 at 2016-04-11 16:39:42 +0700


Started GET "/react_examples/component" for ::1 at 2016-04-11 16:40:19 +0700
Processing by ReactExamplesController#component as HTML
  Rendered react_examples/component.html.erb within layouts/application (1.8ms)
  Rendered layouts/_react_hot_assets.html.erb (0.4ms)
Completed 200 OK in 252ms (Views: 251.7ms | ActiveRecord: 0.0ms)


Started GET "/assets/application.self-e80e8f2318043e8af94dddc2adad5a4f09739a8ebb323b3ab31cd71d45fd9113.css?body=1" for ::1 at 2016-04-11 16:40:20 +0700


Started GET "/assets/react_integration.self-3a8c3738149f193c4530c532283459b3b0f1a5cc701c1fef7da37d47b14aa6d4.js?body=1" for ::1 at 2016-04-11 16:40:20 +0700


Started GET "/assets/application.self-7862a8a8b42407b4741a1adeeea35f0d13ddc4f702ec532adb0674491d296495.js?body=1" for ::1 at 2016-04-11 16:40:20 +0700


Started GET "/assets/turbolinks.self-c37727e9bd6b2735da5c311aa83fead54ed0be6cc8bd9a65309e9c5abe2cbfff.js?body=1" for ::1 at 2016-04-11 16:40:20 +0700


Started GET "/assets/jquery.self-660adc51e0224b731d29f575a6f1ec167ba08ad06ed5deca4f1e8654c135bf4c.js?body=1" for ::1 at 2016-04-11 16:40:20 +0700


Started GET "/assets/react_bundle.self-bf31929d63a06da67c183bc1c974129086c7594ffb477c2dc2a59b822a127831.js?body=1" for ::1 at 2016-04-11 16:40:20 +0700


Started GET "/assets/jquery_ujs.self-e87806d0cf4489aeb1bb7288016024e8de67fd18db693fe026fe3907581e53cd.js?body=1" for ::1 at 2016-04-11 16:40:20 +0700


Started GET "/calculator" for ::1 at 2016-04-11 16:45:16 +0700
Processing by CalculatorController#index as HTML
  Rendered calculator/index.html.erb within layouts/application (2.8ms)
  Rendered layouts/_react_hot_assets.html.erb (0.6ms)
Completed 200 OK in 381ms (Views: 376.9ms | ActiveRecord: 0.0ms)


Started GET "/assets/application.self-e80e8f2318043e8af94dddc2adad5a4f09739a8ebb323b3ab31cd71d45fd9113.css?body=1" for ::1 at 2016-04-11 16:45:17 +0700


Started GET "/assets/jquery.self-660adc51e0224b731d29f575a6f1ec167ba08ad06ed5deca4f1e8654c135bf4c.js?body=1" for ::1 at 2016-04-11 16:45:17 +0700


Started GET "/assets/turbolinks.self-c37727e9bd6b2735da5c311aa83fead54ed0be6cc8bd9a65309e9c5abe2cbfff.js?body=1" for ::1 at 2016-04-11 16:45:17 +0700


Started GET "/assets/jquery_ujs.self-e87806d0cf4489aeb1bb7288016024e8de67fd18db693fe026fe3907581e53cd.js?body=1" for ::1 at 2016-04-11 16:45:17 +0700


Started GET "/assets/react_integration.self-3a8c3738149f193c4530c532283459b3b0f1a5cc701c1fef7da37d47b14aa6d4.js?body=1" for ::1 at 2016-04-11 16:45:17 +0700


Started GET "/assets/react_bundle.self-bf31929d63a06da67c183bc1c974129086c7594ffb477c2dc2a59b822a127831.js?body=1" for ::1 at 2016-04-11 16:45:17 +0700


Started GET "/assets/application.self-7862a8a8b42407b4741a1adeeea35f0d13ddc4f702ec532adb0674491d296495.js?body=1" for ::1 at 2016-04-11 16:45:17 +0700


Started GET "/calculator" for ::1 at 2016-04-11 16:45:54 +0700
Processing by CalculatorController#index as HTML
  Rendered calculator/index.html.erb within layouts/application (0.3ms)
  Rendered layouts/_react_hot_assets.html.erb (0.0ms)
Completed 200 OK in 41ms (Views: 40.9ms | ActiveRecord: 0.0ms)


Started GET "/assets/jquery.self-660adc51e0224b731d29f575a6f1ec167ba08ad06ed5deca4f1e8654c135bf4c.js?body=1" for ::1 at 2016-04-11 16:45:54 +0700


Started GET "/assets/jquery_ujs.self-e87806d0cf4489aeb1bb7288016024e8de67fd18db693fe026fe3907581e53cd.js?body=1" for ::1 at 2016-04-11 16:45:54 +0700


Started GET "/assets/react_integration.self-3a8c3738149f193c4530c532283459b3b0f1a5cc701c1fef7da37d47b14aa6d4.js?body=1" for ::1 at 2016-04-11 16:45:54 +0700


Started GET "/assets/application.self-e80e8f2318043e8af94dddc2adad5a4f09739a8ebb323b3ab31cd71d45fd9113.css?body=1" for ::1 at 2016-04-11 16:45:54 +0700


Started GET "/assets/turbolinks.self-c37727e9bd6b2735da5c311aa83fead54ed0be6cc8bd9a65309e9c5abe2cbfff.js?body=1" for ::1 at 2016-04-11 16:45:54 +0700


Started GET "/assets/react_bundle.self-bf31929d63a06da67c183bc1c974129086c7594ffb477c2dc2a59b822a127831.js?body=1" for ::1 at 2016-04-11 16:45:54 +0700


Started GET "/assets/application.self-7862a8a8b42407b4741a1adeeea35f0d13ddc4f702ec532adb0674491d296495.js?body=1" for ::1 at 2016-04-11 16:45:54 +0700


Started GET "/calculator" for ::1 at 2016-04-11 17:33:04 +0700
Processing by CalculatorController#index as HTML
  Rendered calculator/index.html.erb within layouts/application (1.6ms)
  Rendered layouts/_react_hot_assets.html.erb (0.7ms)
Completed 200 OK in 443ms (Views: 442.4ms | ActiveRecord: 0.0ms)


Started GET "/assets/application.self-e80e8f2318043e8af94dddc2adad5a4f09739a8ebb323b3ab31cd71d45fd9113.css?body=1" for ::1 at 2016-04-11 17:33:05 +0700


Started GET "/assets/react_integration.self-3a8c3738149f193c4530c532283459b3b0f1a5cc701c1fef7da37d47b14aa6d4.js?body=1" for ::1 at 2016-04-11 17:33:05 +0700


Started GET "/assets/jquery_ujs.self-e87806d0cf4489aeb1bb7288016024e8de67fd18db693fe026fe3907581e53cd.js?body=1" for ::1 at 2016-04-11 17:33:05 +0700


Started GET "/assets/react_bundle.self-978383c4c15c2ce9cae16341be9b482110de48d08d763d201e53e52980af04fb.js?body=1" for ::1 at 2016-04-11 17:33:05 +0700


Started GET "/assets/jquery.self-660adc51e0224b731d29f575a6f1ec167ba08ad06ed5deca4f1e8654c135bf4c.js?body=1" for ::1 at 2016-04-11 17:33:05 +0700


Started GET "/assets/turbolinks.self-c37727e9bd6b2735da5c311aa83fead54ed0be6cc8bd9a65309e9c5abe2cbfff.js?body=1" for ::1 at 2016-04-11 17:33:05 +0700


Started GET "/assets/application.self-7862a8a8b42407b4741a1adeeea35f0d13ddc4f702ec532adb0674491d296495.js?body=1" for ::1 at 2016-04-11 17:33:05 +0700


Started GET "/" for ::1 at 2016-04-11 17:48:02 +0700
Processing by Rails::WelcomeController#index as HTML
  Rendered /Users/hatu/.rvm/gems/ruby-2.3.0@global/gems/railties-4.2.6/lib/rails/templates/rails/welcome/index.html.erb (2.3ms)
Completed 200 OK in 12ms (Views: 11.1ms | ActiveRecord: 0.0ms)


Started GET "/calculator" for ::1 at 2016-04-11 17:48:06 +0700
Processing by CalculatorController#index as HTML
  Rendered calculator/index.html.erb within layouts/application (0.7ms)
  Rendered layouts/_react_hot_assets.html.erb (0.6ms)
Completed 200 OK in 673ms (Views: 672.5ms | ActiveRecord: 0.0ms)


Started GET "/assets/application.self-e80e8f2318043e8af94dddc2adad5a4f09739a8ebb323b3ab31cd71d45fd9113.css?body=1" for ::1 at 2016-04-11 17:48:07 +0700


Started GET "/assets/jquery_ujs.self-e87806d0cf4489aeb1bb7288016024e8de67fd18db693fe026fe3907581e53cd.js?body=1" for ::1 at 2016-04-11 17:48:07 +0700


Started GET "/assets/react_integration.self-3a8c3738149f193c4530c532283459b3b0f1a5cc701c1fef7da37d47b14aa6d4.js?body=1" for ::1 at 2016-04-11 17:48:07 +0700


Started GET "/assets/turbolinks.self-c37727e9bd6b2735da5c311aa83fead54ed0be6cc8bd9a65309e9c5abe2cbfff.js?body=1" for ::1 at 2016-04-11 17:48:07 +0700


Started GET "/assets/react_bundle.self-978383c4c15c2ce9cae16341be9b482110de48d08d763d201e53e52980af04fb.js?body=1" for ::1 at 2016-04-11 17:48:07 +0700


Started GET "/assets/jquery.self-660adc51e0224b731d29f575a6f1ec167ba08ad06ed5deca4f1e8654c135bf4c.js?body=1" for ::1 at 2016-04-11 17:48:07 +0700


Started GET "/assets/application.self-7862a8a8b42407b4741a1adeeea35f0d13ddc4f702ec532adb0674491d296495.js?body=1" for ::1 at 2016-04-11 17:48:07 +0700


Started GET "/calculator" for ::1 at 2016-04-11 17:49:30 +0700
Processing by CalculatorController#index as HTML
  Rendered calculator/index.html.erb within layouts/application (1.3ms)
  Rendered layouts/_react_hot_assets.html.erb (0.6ms)
Completed 200 OK in 227ms (Views: 226.2ms | ActiveRecord: 0.0ms)


Started GET "/assets/application.self-e80e8f2318043e8af94dddc2adad5a4f09739a8ebb323b3ab31cd71d45fd9113.css?body=1" for ::1 at 2016-04-11 17:49:30 +0700


Started GET "/assets/jquery_ujs.self-e87806d0cf4489aeb1bb7288016024e8de67fd18db693fe026fe3907581e53cd.js?body=1" for ::1 at 2016-04-11 17:49:30 +0700


Started GET "/assets/react_integration.self-3a8c3738149f193c4530c532283459b3b0f1a5cc701c1fef7da37d47b14aa6d4.js?body=1" for ::1 at 2016-04-11 17:49:30 +0700


Started GET "/assets/turbolinks.self-c37727e9bd6b2735da5c311aa83fead54ed0be6cc8bd9a65309e9c5abe2cbfff.js?body=1" for ::1 at 2016-04-11 17:49:30 +0700


Started GET "/assets/jquery.self-660adc51e0224b731d29f575a6f1ec167ba08ad06ed5deca4f1e8654c135bf4c.js?body=1" for ::1 at 2016-04-11 17:49:30 +0700


Started GET "/assets/react_bundle.self-978383c4c15c2ce9cae16341be9b482110de48d08d763d201e53e52980af04fb.js?body=1" for ::1 at 2016-04-11 17:49:30 +0700


Started GET "/assets/application.self-7862a8a8b42407b4741a1adeeea35f0d13ddc4f702ec532adb0674491d296495.js?body=1" for ::1 at 2016-04-11 17:49:30 +0700


Started GET "/assets/react_bundle.self-978383c4c15c2ce9cae16341be9b482110de48d08d763d201e53e52980af04fb.js?body=1" for ::1 at 2016-04-11 17:49:30 +0700


Started GET "/" for ::1 at 2016-04-11 17:51:59 +0700
Processing by Rails::WelcomeController#index as HTML
  Rendered /Users/hatu/.rvm/gems/ruby-2.3.0@global/gems/railties-4.2.6/lib/rails/templates/rails/welcome/index.html.erb (1.4ms)
Completed 200 OK in 10ms (Views: 9.4ms | ActiveRecord: 0.0ms)


Started GET "/calculator" for ::1 at 2016-04-11 17:52:03 +0700
Processing by CalculatorController#index as HTML
  Rendered calculator/index.html.erb within layouts/application (0.7ms)
  Rendered layouts/_react_hot_assets.html.erb (0.6ms)
Completed 200 OK in 271ms (Views: 270.6ms | ActiveRecord: 0.0ms)


Started GET "/assets/application.self-e80e8f2318043e8af94dddc2adad5a4f09739a8ebb323b3ab31cd71d45fd9113.css?body=1" for ::1 at 2016-04-11 17:52:03 +0700


Started GET "/assets/jquery.self-660adc51e0224b731d29f575a6f1ec167ba08ad06ed5deca4f1e8654c135bf4c.js?body=1" for ::1 at 2016-04-11 17:52:03 +0700


Started GET "/assets/jquery_ujs.self-e87806d0cf4489aeb1bb7288016024e8de67fd18db693fe026fe3907581e53cd.js?body=1" for ::1 at 2016-04-11 17:52:03 +0700


Started GET "/assets/turbolinks.self-c37727e9bd6b2735da5c311aa83fead54ed0be6cc8bd9a65309e9c5abe2cbfff.js?body=1" for ::1 at 2016-04-11 17:52:03 +0700


Started GET "/assets/react_integration.self-3a8c3738149f193c4530c532283459b3b0f1a5cc701c1fef7da37d47b14aa6d4.js?body=1" for ::1 at 2016-04-11 17:52:03 +0700


Started GET "/assets/react_bundle.self-978383c4c15c2ce9cae16341be9b482110de48d08d763d201e53e52980af04fb.js?body=1" for ::1 at 2016-04-11 17:52:03 +0700


Started GET "/assets/application.self-7862a8a8b42407b4741a1adeeea35f0d13ddc4f702ec532adb0674491d296495.js?body=1" for ::1 at 2016-04-11 17:52:03 +0700


Started GET "/assets/application.self-7862a8a8b42407b4741a1adeeea35f0d13ddc4f702ec532adb0674491d296495.js?body=1" for ::1 at 2016-04-11 17:52:03 +0700


Started GET "/calculator" for ::1 at 2016-04-11 18:03:06 +0700
Processing by CalculatorController#index as HTML
  Rendered calculator/index.html.erb within layouts/application (1.9ms)
  Rendered layouts/_react_hot_assets.html.erb (0.6ms)
Completed 200 OK in 278ms (Views: 277.8ms | ActiveRecord: 0.0ms)


Started GET "/assets/application.self-e80e8f2318043e8af94dddc2adad5a4f09739a8ebb323b3ab31cd71d45fd9113.css?body=1" for ::1 at 2016-04-11 18:03:07 +0700


Started GET "/assets/jquery.self-660adc51e0224b731d29f575a6f1ec167ba08ad06ed5deca4f1e8654c135bf4c.js?body=1" for ::1 at 2016-04-11 18:03:07 +0700


Started GET "/assets/jquery_ujs.self-e87806d0cf4489aeb1bb7288016024e8de67fd18db693fe026fe3907581e53cd.js?body=1" for ::1 at 2016-04-11 18:03:07 +0700


Started GET "/assets/turbolinks.self-c37727e9bd6b2735da5c311aa83fead54ed0be6cc8bd9a65309e9c5abe2cbfff.js?body=1" for ::1 at 2016-04-11 18:03:07 +0700


Started GET "/assets/react_integration.self-3a8c3738149f193c4530c532283459b3b0f1a5cc701c1fef7da37d47b14aa6d4.js?body=1" for ::1 at 2016-04-11 18:03:07 +0700


Started GET "/assets/react_bundle.self-978383c4c15c2ce9cae16341be9b482110de48d08d763d201e53e52980af04fb.js?body=1" for ::1 at 2016-04-11 18:03:07 +0700


Started GET "/assets/application.self-7862a8a8b42407b4741a1adeeea35f0d13ddc4f702ec532adb0674491d296495.js?body=1" for ::1 at 2016-04-11 18:03:07 +0700


Started GET "/calculator" for ::1 at 2016-04-11 18:09:26 +0700
Processing by CalculatorController#index as HTML
  Rendered calculator/index.html.erb within layouts/application (1.8ms)
  Rendered layouts/_react_hot_assets.html.erb (0.6ms)
Completed 200 OK in 524ms (Views: 523.0ms | ActiveRecord: 0.0ms)


Started GET "/assets/application.self-e80e8f2318043e8af94dddc2adad5a4f09739a8ebb323b3ab31cd71d45fd9113.css?body=1" for ::1 at 2016-04-11 18:09:27 +0700


Started GET "/assets/jquery_ujs.self-e87806d0cf4489aeb1bb7288016024e8de67fd18db693fe026fe3907581e53cd.js?body=1" for ::1 at 2016-04-11 18:09:27 +0700


Started GET "/assets/jquery.self-660adc51e0224b731d29f575a6f1ec167ba08ad06ed5deca4f1e8654c135bf4c.js?body=1" for ::1 at 2016-04-11 18:09:27 +0700


Started GET "/assets/react_integration.self-3a8c3738149f193c4530c532283459b3b0f1a5cc701c1fef7da37d47b14aa6d4.js?body=1" for ::1 at 2016-04-11 18:09:27 +0700


Started GET "/assets/application.self-7862a8a8b42407b4741a1adeeea35f0d13ddc4f702ec532adb0674491d296495.js?body=1" for ::1 at 2016-04-11 18:09:27 +0700


Started GET "/assets/turbolinks.self-c37727e9bd6b2735da5c311aa83fead54ed0be6cc8bd9a65309e9c5abe2cbfff.js?body=1" for ::1 at 2016-04-11 18:09:27 +0700


Started GET "/assets/react_bundle.self-978383c4c15c2ce9cae16341be9b482110de48d08d763d201e53e52980af04fb.js?body=1" for ::1 at 2016-04-11 18:09:27 +0700
